This file contains any messages produced by compilers while
running configure, to aid debugging if configure makes a mistake.

It was created by configure, which was
generated by GNU Autoconf 2.57.  Invocation command line was

  $ ./configure 

## --------- ##
## Platform. ##
## --------- ##

hostname = cornb5832
uname -m = x86_64
uname -r = 3.1.6(0.340/5/3)
uname -s = CYGWIN_NT-10.0
uname -v = 2020-07-09 08:20

/usr/bin/uname -p = unknown
/bin/uname -X     = unknown

/bin/arch              = x86_64
/usr/bin/arch -k       = unknown
/usr/convex/getsysinfo = unknown
hostinfo               = unknown
/bin/machine           = unknown
/usr/bin/oslevel       = unknown
/bin/universe          = unknown

PATH: cygdrive/c/cygwin64/bin
PATH: /usr/local/bin
PATH: /usr/bin
PATH: %JAVA_HOME%/bin
PATH: /cygdrive/c/Program Files (x86)/Intel/iCLS Client
PATH: /cygdrive/c/Program Files/Intel/iCLS Client
PATH: /cygdrive/c/WINDOWS/system32
PATH: /cygdrive/c/WINDOWS
PATH: /cygdrive/c/WINDOWS/System32/Wbem
PATH: /cygdrive/c/WINDOWS/System32/WindowsPowerShell/v1.0
PATH: /cygdrive/c/Program Files (x86)/Intel/Intel(R) Management Engine Components/DAL
PATH: /cygdrive/c/Program Files/Intel/Intel(R) Management Engine Components/DAL
PATH: /cygdrive/c/Program Files (x86)/Intel/Intel(R) Management Engine Components/IPT
PATH: /cygdrive/c/Program Files/Intel/Intel(R) Management Engine Components/IPT
PATH: /cygdrive/c/Program Files (x86)/PuTTY
PATH: /cygdrive/c/Program Files/Git/cmd
PATH: /cygdrive/c/Program Files/Microsoft SQL Server/130/Tools/Binn
PATH: /cygdrive/c/Program Files/Intel/WiFi/bin
PATH: /cygdrive/c/Program Files/Common Files/Intel/WirelessCommon
PATH: /cygdrive/c/Program Files/dotnet
PATH: /cygdrive/c/Program Files/Microsoft SQL Server/Client SDK/ODBC/170/Tools/Binn
PATH: /cygdrive/c/Program Files/TortoiseGit/bin
PATH: /cygdrive/c/Program Files/nodejs
PATH: /cygdrive/c/Program Files (x86)/Microsoft SQL Server/150/Tools/Binn
PATH: /cygdrive/c/Program Files/Microsoft SQL Server/150/Tools/Binn
PATH: /cygdrive/c/Program Files/Microsoft SQL Server/150/DTS/Binn
PATH: /cygdrive/c/Program Files (x86)/Microsoft SQL Server/150/DTS/Binn
PATH: /cygdrive/c/Program Files/Azure Data Studio/bin
PATH: /cygdrive/c/Program Files (x86)/Microsoft SQL Server/110/DTS/Binn
PATH: /cygdrive/c/Program Files (x86)/Microsoft SQL Server/120/DTS/Binn
PATH: /cygdrive/c/Program Files (x86)/Microsoft SQL Server/130/DTS/Binn
PATH: /cygdrive/c/Program Files (x86)/Microsoft SQL Server/140/DTS/Binn
PATH: /cygdrive/c/WINDOWS/system32
PATH: /cygdrive/c/WINDOWS
PATH: /cygdrive/c/WINDOWS/System32/Wbem
PATH: /cygdrive/c/WINDOWS/System32/WindowsPowerShell/v1.0
PATH: /cygdrive/c/WINDOWS/System32/OpenSSH
PATH: /cygdrive/c/Users/BuratoE/AppData/Local/Programs/Python/Python36
PATH: /cygdrive/c/Users/BuratoE/AppData/Local/Microsoft/WindowsApps
PATH: /cygdrive/c/Program Files/Java/jdk-17.0.2/bin
PATH: /cygdrive/c/Users/BuratoE/Tool/spark-3.1.3-bin-hadoop2.7/spark-3.1.3-bin-hadoop2.7/bin
PATH: /cygdrive/c/Users/BuratoE/Tool/apache-ant-1.10.1/bin
PATH: /cygdrive/c/Users/BuratoE/Tool/dex2jar-2.0/dex2jar-2.0
PATH: /cygdrive/c/Users/BuratoE/Tool
PATH: /cygdrive/c/Users/BuratoE/.dotnet/tools
PATH: /cygdrive/c/Users/BuratoE/Tool/sonar-scanner-msbuild-4.7.1.2311-net46
PATH: /cygdrive/c/Program Files (x86)/Microsoft Visual Studio/2019/Community/MSBuild/Current/Bin
PATH: /cygdrive/c/Program Files/GrammaTech/CodeSonar/codesonar/bin
PATH: /cygdrive/c/Users/BuratoE/Tool/sonar-scanner-cli-4.7.0.2747-windows/sonar-scanner-4.7.0.2747-windows/bin
PATH: /cygdrive/c/Users/BuratoE/Tool/apache-maven-3.8.1-bin/apache-maven-3.8.1/bin
PATH: /cygdrive/c/Users/BuratoE/AppData/Roaming/npm
PATH: /cygdrive/c/Program Files/gretl
PATH: /cygdrive/c/Program Files/Azure Data Studio/bin
PATH: /cygdrive/c/Users/BuratoE/.dotnet/tools
PATH: /cygdrive/c/Users/BuratoE/AppData/Local/Microsoft/WindowsApps
PATH: /cygdrive/c/Users/BuratoE/Tool/CycloneDx/cyclonedx-cli-main
PATH: /cygdrive/c/Users/BuratoE/AppData/Local/Programs/Python/Python36/Scripts
PATH: /cygdrive/c/Users/BuratoE/AppData/Local/Programs/Rancher Desktop/resources/resources/win32/bin
PATH: /cygdrive/c/Users/BuratoE/AppData/Local/Programs/Rancher Desktop/resources/resources/linux/bin
PATH: /cygdrive/c/Users/BuratoE/AppData/Local/Programs/Microsoft VS Code/bin
PATH: /cygdrive/c/Program Files/Hadoop/bin
PATH: /cygdrive/c/Users/BuratoE/Tool/tree-tagger-windows-3.2.3/TreeTagger/bin


## ----------- ##
## Core tests. ##
## ----------- ##

configure:1313: checking for a BSD-compatible install
configure:1367: result: /usr/bin/install -c
configure:1378: checking whether build environment is sane
configure:1421: result: yes
configure:1454: checking for gawk
configure:1470: found /usr/bin/gawk
configure:1480: result: gawk
configure:1490: checking whether make sets $(MAKE)
configure:1510: result: yes
configure:1723: checking for gcc
configure:1739: found /usr/bin/gcc
configure:1749: result: gcc
configure:1993: checking for C compiler version
configure:1996: gcc --version </dev/null >&5
gcc (GCC) 9.2.0
Copyright (C) 2019 Free Software Foundation, Inc.
This is free software; see the source for copying conditions.  There is NO
warranty; not even for MERCHANTABILITY or FITNESS FOR A PARTICULAR PURPOSE.

configure:1999: $? = 0
configure:2001: gcc -v </dev/null >&5
Using built-in specs.
COLLECT_GCC=gcc
COLLECT_LTO_WRAPPER=/usr/lib/gcc/x86_64-pc-cygwin/9.2.0/lto-wrapper.exe
Target: x86_64-pc-cygwin
Configured with: /cygdrive/i/szsz/tmpp/gcc/gcc-9.2.0-3.x86_64/src/gcc-9.2.0/configure --srcdir=/cygdrive/i/szsz/tmpp/gcc/gcc-9.2.0-3.x86_64/src/gcc-9.2.0 --prefix=/usr --exec-prefix=/usr --localstatedir=/var --sysconfdir=/etc --docdir=/usr/share/doc/gcc --htmldir=/usr/share/doc/gcc/html -C --build=x86_64-pc-cygwin --host=x86_64-pc-cygwin --target=x86_64-pc-cygwin --without-libiconv-prefix --without-libintl-prefix --libexecdir=/usr/lib --enable-shared --enable-shared-libgcc --enable-static --enable-version-specific-runtime-libs --enable-bootstrap --enable-__cxa_atexit --with-dwarf2 --with-tune=generic --enable-languages=c,c++,fortran,lto,objc,obj-c++ --enable-graphite --enable-threads=posix --enable-libatomic --enable-libgomp --enable-libquadmath --enable-libquadmath-support --disable-libssp --enable-libada --disable-symvers --with-gnu-ld --with-gnu-as --with-cloog-include=/usr/include/cloog-isl --without-libiconv-prefix --without-libintl-prefix --with-system-zlib --enable-linker-build-id --with-default-libstdcxx-abi=gcc4-compatible --enable-libstdcxx-filesystem-ts
Thread model: posix
gcc version 9.2.0 (GCC) 
configure:2004: $? = 0
configure:2006: gcc -V </dev/null >&5
gcc: error: unrecognized command line option '-V'
gcc: fatal error: no input files
compilation terminated.
configure:2009: $? = 1
configure:2033: checking for C compiler default output
configure:2036: gcc    conftest.c  >&5
configure:2039: $? = 0
configure:2085: result: a.exe
configure:2090: checking whether the C compiler works
configure:2096: ./a.exe
configure:2099: $? = 0
configure:2116: result: yes
configure:2123: checking whether we are cross compiling
configure:2125: result: no
configure:2128: checking for suffix of executables
configure:2130: gcc -o conftest.exe    conftest.c  >&5
configure:2133: $? = 0
configure:2158: result: .exe
configure:2164: checking for suffix of object files
configure:2186: gcc -c   conftest.c >&5
configure:2189: $? = 0
configure:2211: result: o
configure:2215: checking whether we are using the GNU C compiler
configure:2240: gcc -c   conftest.c >&5
configure:2243: $? = 0
configure:2246: test -s conftest.o
configure:2249: $? = 0
configure:2262: result: yes
configure:2268: checking whether gcc accepts -g
configure:2290: gcc -c -g  conftest.c >&5
configure:2293: $? = 0
configure:2296: test -s conftest.o
configure:2299: $? = 0
configure:2310: result: yes
configure:2327: checking for gcc option to accept ANSI C
configure:2388: gcc  -c -g -O2  conftest.c >&5
configure:2391: $? = 0
configure:2394: test -s conftest.o
configure:2397: $? = 0
configure:2415: result: none needed
configure:2433: gcc -c -g -O2  conftest.c >&5
conftest.c:2:3: error: unknown type name 'choke'
    2 |   choke me
      |   ^~~~~
conftest.c:2:3: error: expected '=', ',', ';', 'asm' or '__attribute__' at end of input
configure:2436: $? = 1
configure: failed program was:
| #ifndef __cplusplus
|   choke me
| #endif
configure:2556: checking for style of include used by make
configure:2584: result: GNU
configure:2612: checking dependency style of gcc
configure:2680: result: gcc3
configure:2709: checking for a BSD-compatible install
configure:2763: result: /usr/bin/install -c
configure:2778: checking for gawk
configure:2804: result: gawk
configure:2814: checking whether ln -s works
configure:2818: result: yes
configure:2826: checking whether struct tm is in sys/time.h or time.h
configure:2850: gcc -c -g -O2  conftest.c >&5
configure:2853: $? = 0
configure:2856: test -s conftest.o
configure:2859: $? = 0
configure:2870: result: time.h
configure:2884: checking for flex
configure:2913: result: no
configure:2884: checking for lex
configure:2913: result: no
configure:2923: checking for yywrap in -lfl
configure:2954: gcc -o conftest.exe -g -O2   conftest.c -lfl   >&5
/usr/lib/gcc/x86_64-pc-cygwin/9.2.0/../../../../x86_64-pc-cygwin/bin/ld: cannot find -lfl
collect2: error: ld returned 1 exit status
configure:2957: $? = 1
configure: failed program was:
| #line 2930 "configure"
| /* confdefs.h.  */
| 
| #define PACKAGE_NAME ""
| #define PACKAGE_TARNAME ""
| #define PACKAGE_VERSION ""
| #define PACKAGE_STRING ""
| #define PACKAGE_BUGREPORT ""
| #define PACKAGE "gnuchess"
| #define VERSION "5.07"
| /* end confdefs.h.  */
| 
| /* Override any gcc2 internal prototype to avoid an error.  */
| #ifdef __cplusplus
| extern "C"
| #endif
| /* We use char because int might match the return type of a gcc2
|    builtin and then its argument prototype would still apply.  */
| char yywrap ();
| int
| main ()
| {
| yywrap ();
|   ;
|   return 0;
| }
configure:2975: result: no
configure:2980: checking for yywrap in -ll
configure:3011: gcc -o conftest.exe -g -O2   conftest.c -ll   >&5
/usr/lib/gcc/x86_64-pc-cygwin/9.2.0/../../../../x86_64-pc-cygwin/bin/ld: cannot find -ll
collect2: error: ld returned 1 exit status
configure:3014: $? = 1
configure: failed program was:
| #line 2987 "configure"
| /* confdefs.h.  */
| 
| #define PACKAGE_NAME ""
| #define PACKAGE_TARNAME ""
| #define PACKAGE_VERSION ""
| #define PACKAGE_STRING ""
| #define PACKAGE_BUGREPORT ""
| #define PACKAGE "gnuchess"
| #define VERSION "5.07"
| /* end confdefs.h.  */
| 
| /* Override any gcc2 internal prototype to avoid an error.  */
| #ifdef __cplusplus
| extern "C"
| #endif
| /* We use char because int might match the return type of a gcc2
|    builtin and then its argument prototype would still apply.  */
| char yywrap ();
| int
| main ()
| {
| yywrap ();
|   ;
|   return 0;
| }
configure:3032: result: no
configure:3138: checking for tputs in -lncurses
configure:3169: gcc -o conftest.exe -g -O2   conftest.c -lncurses   >&5
/usr/lib/gcc/x86_64-pc-cygwin/9.2.0/../../../../x86_64-pc-cygwin/bin/ld: cannot find -lncurses
collect2: error: ld returned 1 exit status
configure:3172: $? = 1
configure: failed program was:
| #line 3145 "configure"
| /* confdefs.h.  */
| 
| #define PACKAGE_NAME ""
| #define PACKAGE_TARNAME ""
| #define PACKAGE_VERSION ""
| #define PACKAGE_STRING ""
| #define PACKAGE_BUGREPORT ""
| #define PACKAGE "gnuchess"
| #define VERSION "5.07"
| /* end confdefs.h.  */
| 
| /* Override any gcc2 internal prototype to avoid an error.  */
| #ifdef __cplusplus
| extern "C"
| #endif
| /* We use char because int might match the return type of a gcc2
|    builtin and then its argument prototype would still apply.  */
| char tputs ();
| int
| main ()
| {
| tputs ();
|   ;
|   return 0;
| }
configure:3190: result: no
configure:3202: checking for readline in -lreadline
configure:3233: gcc -o conftest.exe -g -O2   conftest.c -lreadline   >&5
/usr/lib/gcc/x86_64-pc-cygwin/9.2.0/../../../../x86_64-pc-cygwin/bin/ld: cannot find -lreadline
collect2: error: ld returned 1 exit status
configure:3236: $? = 1
configure: failed program was:
| #line 3209 "configure"
| /* confdefs.h.  */
| 
| #define PACKAGE_NAME ""
| #define PACKAGE_TARNAME ""
| #define PACKAGE_VERSION ""
| #define PACKAGE_STRING ""
| #define PACKAGE_BUGREPORT ""
| #define PACKAGE "gnuchess"
| #define VERSION "5.07"
| /* end confdefs.h.  */
| 
| /* Override any gcc2 internal prototype to avoid an error.  */
| #ifdef __cplusplus
| extern "C"
| #endif
| /* We use char because int might match the return type of a gcc2
|    builtin and then its argument prototype would still apply.  */
| char readline ();
| int
| main ()
| {
| readline ();
|   ;
|   return 0;
| }
configure:3254: result: no
configure:3270: checking how to run the C preprocessor
configure:3306: gcc -E  conftest.c
configure:3312: $? = 0
configure:3344: gcc -E  conftest.c
configure:3345:10: fatal error: ac_nonexistent.h: No such file or directory
 3345 |   (eval $ac_cpp conftest.$ac_ext) 2>conftest.er1
      |          ^~~~~~~~~~~~~~~~~~
compilation terminated.
configure:3350: $? = 1
configure: failed program was:
| #line 3335 "configure"
| /* confdefs.h.  */
| 
| #define PACKAGE_NAME ""
| #define PACKAGE_TARNAME ""
| #define PACKAGE_VERSION ""
| #define PACKAGE_STRING ""
| #define PACKAGE_BUGREPORT ""
| #define PACKAGE "gnuchess"
| #define VERSION "5.07"
| /* end confdefs.h.  */
| #include <ac_nonexistent.h>
configure:3388: result: gcc -E
configure:3413: gcc -E  conftest.c
configure:3419: $? = 0
configure:3451: gcc -E  conftest.c
configure:3452:10: fatal error: ac_nonexistent.h: No such file or directory
 3452 |   (eval $ac_cpp conftest.$ac_ext) 2>conftest.er1
      |          ^~~~~~~~~~~~~~~~~~
compilation terminated.
configure:3457: $? = 1
configure: failed program was:
| #line 3442 "configure"
| /* confdefs.h.  */
| 
| #define PACKAGE_NAME ""
| #define PACKAGE_TARNAME ""
| #define PACKAGE_VERSION ""
| #define PACKAGE_STRING ""
| #define PACKAGE_BUGREPORT ""
| #define PACKAGE "gnuchess"
| #define VERSION "5.07"
| /* end confdefs.h.  */
| #include <ac_nonexistent.h>
configure:3500: checking for egrep
configure:3510: result: grep -E
configure:3515: checking for ANSI C header files
configure:3541: gcc -c -g -O2  conftest.c >&5
configure:3544: $? = 0
configure:3547: test -s conftest.o
configure:3550: $? = 0
configure:3642: gcc -o conftest.exe -g -O2   conftest.c  >&5
configure: In function 'main':
configure:3637:7: warning: implicit declaration of function 'exit' [-Wimplicit-function-declaration]
 3637 |       exit(2);
      |       ^~~~
configure:3637:7: warning: incompatible implicit declaration of built-in function 'exit'
configure:3621:1: note: include '<stdlib.h>' or provide a declaration of 'exit'
 3620 | # define TOUPPER(c) (ISLOWER(c) ? 'A' + ((c) - 'a') : (c))
  +++ |+#include <stdlib.h>
 3621 | #else
configure:3638:3: warning: incompatible implicit declaration of built-in function 'exit'
 3638 |   exit (0);
      |   ^~~~
configure:3638:3: note: include '<stdlib.h>' or provide a declaration of 'exit'
configure:3645: $? = 0
configure:3647: ./conftest.exe
configure:3650: $? = 0
configure:3665: result: yes
configure:3689: checking for sys/types.h
configure:3706: gcc -c -g -O2  conftest.c >&5
configure:3709: $? = 0
configure:3712: test -s conftest.o
configure:3715: $? = 0
configure:3726: result: yes
configure:3689: checking for sys/stat.h
configure:3706: gcc -c -g -O2  conftest.c >&5
configure:3709: $? = 0
configure:3712: test -s conftest.o
configure:3715: $? = 0
configure:3726: result: yes
configure:3689: checking for stdlib.h
configure:3706: gcc -c -g -O2  conftest.c >&5
configure:3709: $? = 0
configure:3712: test -s conftest.o
configure:3715: $? = 0
configure:3726: result: yes
configure:3689: checking for string.h
configure:3706: gcc -c -g -O2  conftest.c >&5
configure:3709: $? = 0
configure:3712: test -s conftest.o
configure:3715: $? = 0
configure:3726: result: yes
configure:3689: checking for memory.h
configure:3706: gcc -c -g -O2  conftest.c >&5
configure:3709: $? = 0
configure:3712: test -s conftest.o
configure:3715: $? = 0
configure:3726: result: yes
configure:3689: checking for strings.h
configure:3706: gcc -c -g -O2  conftest.c >&5
configure:3709: $? = 0
configure:3712: test -s conftest.o
configure:3715: $? = 0
configure:3726: result: yes
configure:3689: checking for inttypes.h
configure:3706: gcc -c -g -O2  conftest.c >&5
configure:3709: $? = 0
configure:3712: test -s conftest.o
configure:3715: $? = 0
configure:3726: result: yes
configure:3689: checking for stdint.h
configure:3706: gcc -c -g -O2  conftest.c >&5
configure:3709: $? = 0
configure:3712: test -s conftest.o
configure:3715: $? = 0
configure:3726: result: yes
configure:3689: checking for unistd.h
configure:3706: gcc -c -g -O2  conftest.c >&5
configure:3709: $? = 0
configure:3712: test -s conftest.o
configure:3715: $? = 0
configure:3726: result: yes
configure:3753: checking readline/readline.h usability
configure:3766: gcc -c -g -O2  conftest.c >&5
configure:3809:10: fatal error: readline/readline.h: No such file or directory
 3809 |     ac_cpp_err=$ac_c_preproc_warn_flag
      |          ^~~~~~~~~~~~~~~~~~~~~
compilation terminated.
configure:3769: $? = 1
configure: failed program was:
| #line 3755 "configure"
| /* confdefs.h.  */
| 
| #define PACKAGE_NAME ""
| #define PACKAGE_TARNAME ""
| #define PACKAGE_VERSION ""
| #define PACKAGE_STRING ""
| #define PACKAGE_BUGREPORT ""
| #define PACKAGE "gnuchess"
| #define VERSION "5.07"
| #define STDC_HEADERS 1
| #define HAVE_SYS_TYPES_H 1
| #define HAVE_SYS_STAT_H 1
| #define HAVE_STDLIB_H 1
| #define HAVE_STRING_H 1
| #define HAVE_MEMORY_H 1
| #define HAVE_STRINGS_H 1
| #define HAVE_INTTYPES_H 1
| #define HAVE_STDINT_H 1
| #define HAVE_UNISTD_H 1
| /* end confdefs.h.  */
| #include <stdio.h>
| #if HAVE_SYS_TYPES_H
| # include <sys/types.h>
| #endif
| #if HAVE_SYS_STAT_H
| # include <sys/stat.h>
| #endif
| #if STDC_HEADERS
| # include <stdlib.h>
| # include <stddef.h>
| #else
| # if HAVE_STDLIB_H
| #  include <stdlib.h>
| # endif
| #endif
| #if HAVE_STRING_H
| # if !STDC_HEADERS && HAVE_MEMORY_H
| #  include <memory.h>
| # endif
| # include <string.h>
| #endif
| #if HAVE_STRINGS_H
| # include <strings.h>
| #endif
| #if HAVE_INTTYPES_H
| # include <inttypes.h>
| #else
| # if HAVE_STDINT_H
| #  include <stdint.h>
| # endif
| #endif
| #if HAVE_UNISTD_H
| # include <unistd.h>
| #endif
| #include <readline/readline.h>
configure:3785: result: no
configure:3789: checking readline/readline.h presence
configure:3800: gcc -E  conftest.c
configure:3811:10: fatal error: readline/readline.h: No such file or directory
 3811 |     ac_cpp_err=
      |          ^~~~~~               
compilation terminated.
configure:3806: $? = 1
configure: failed program was:
| #line 3791 "configure"
| /* confdefs.h.  */
| 
| #define PACKAGE_NAME ""
| #define PACKAGE_TARNAME ""
| #define PACKAGE_VERSION ""
| #define PACKAGE_STRING ""
| #define PACKAGE_BUGREPORT ""
| #define PACKAGE "gnuchess"
| #define VERSION "5.07"
| #define STDC_HEADERS 1
| #define HAVE_SYS_TYPES_H 1
| #define HAVE_SYS_STAT_H 1
| #define HAVE_STDLIB_H 1
| #define HAVE_STRING_H 1
| #define HAVE_MEMORY_H 1
| #define HAVE_STRINGS_H 1
| #define HAVE_INTTYPES_H 1
| #define HAVE_STDINT_H 1
| #define HAVE_UNISTD_H 1
| /* end confdefs.h.  */
| #include <readline/readline.h>
configure:3825: result: no
configure:3861: checking for readline/readline.h
configure:3868: result: no
configure:3753: checking readline/history.h usability
configure:3766: gcc -c -g -O2  conftest.c >&5
configure:3809:10: fatal error: readline/history.h: No such file or directory
 3809 |     ac_cpp_err=$ac_c_preproc_warn_flag
      |          ^~~~~~~~~~~~~~~~~~~~
compilation terminated.
configure:3769: $? = 1
configure: failed program was:
| #line 3755 "configure"
| /* confdefs.h.  */
| 
| #define PACKAGE_NAME ""
| #define PACKAGE_TARNAME ""
| #define PACKAGE_VERSION ""
| #define PACKAGE_STRING ""
| #define PACKAGE_BUGREPORT ""
| #define PACKAGE "gnuchess"
| #define VERSION "5.07"
| #define STDC_HEADERS 1
| #define HAVE_SYS_TYPES_H 1
| #define HAVE_SYS_STAT_H 1
| #define HAVE_STDLIB_H 1
| #define HAVE_STRING_H 1
| #define HAVE_MEMORY_H 1
| #define HAVE_STRINGS_H 1
| #define HAVE_INTTYPES_H 1
| #define HAVE_STDINT_H 1
| #define HAVE_UNISTD_H 1
| /* end confdefs.h.  */
| #include <stdio.h>
| #if HAVE_SYS_TYPES_H
| # include <sys/types.h>
| #endif
| #if HAVE_SYS_STAT_H
| # include <sys/stat.h>
| #endif
| #if STDC_HEADERS
| # include <stdlib.h>
| # include <stddef.h>
| #else
| # if HAVE_STDLIB_H
| #  include <stdlib.h>
| # endif
| #endif
| #if HAVE_STRING_H
| # if !STDC_HEADERS && HAVE_MEMORY_H
| #  include <memory.h>
| # endif
| # include <string.h>
| #endif
| #if HAVE_STRINGS_H
| # include <strings.h>
| #endif
| #if HAVE_INTTYPES_H
| # include <inttypes.h>
| #else
| # if HAVE_STDINT_H
| #  include <stdint.h>
| # endif
| #endif
| #if HAVE_UNISTD_H
| # include <unistd.h>
| #endif
| #include <readline/history.h>
configure:3785: result: no
configure:3789: checking readline/history.h presence
configure:3800: gcc -E  conftest.c
configure:3811:10: fatal error: readline/history.h: No such file or directory
 3811 |     ac_cpp_err=
      |          ^~~~~~              
compilation terminated.
configure:3806: $? = 1
configure: failed program was:
| #line 3791 "configure"
| /* confdefs.h.  */
| 
| #define PACKAGE_NAME ""
| #define PACKAGE_TARNAME ""
| #define PACKAGE_VERSION ""
| #define PACKAGE_STRING ""
| #define PACKAGE_BUGREPORT ""
| #define PACKAGE "gnuchess"
| #define VERSION "5.07"
| #define STDC_HEADERS 1
| #define HAVE_SYS_TYPES_H 1
| #define HAVE_SYS_STAT_H 1
| #define HAVE_STDLIB_H 1
| #define HAVE_STRING_H 1
| #define HAVE_MEMORY_H 1
| #define HAVE_STRINGS_H 1
| #define HAVE_INTTYPES_H 1
| #define HAVE_STDINT_H 1
| #define HAVE_UNISTD_H 1
| /* end confdefs.h.  */
| #include <readline/history.h>
configure:3825: result: no
configure:3861: checking for readline/history.h
configure:3868: result: no
configure:3883: checking for ANSI C header files
configure:4033: result: yes
configure:4063: checking time.h usability
configure:4076: gcc -c -g -O2  conftest.c >&5
configure:4079: $? = 0
configure:4082: test -s conftest.o
configure:4085: $? = 0
configure:4095: result: yes
configure:4099: checking time.h presence
configure:4110: gcc -E  conftest.c
configure:4116: $? = 0
configure:4135: result: yes
configure:4171: checking for time.h
configure:4178: result: yes
configure:4063: checking sys/time.h usability
configure:4076: gcc -c -g -O2  conftest.c >&5
configure:4079: $? = 0
configure:4082: test -s conftest.o
configure:4085: $? = 0
configure:4095: result: yes
configure:4099: checking sys/time.h presence
configure:4110: gcc -E  conftest.c
configure:4116: $? = 0
configure:4135: result: yes
configure:4171: checking for sys/time.h
configure:4178: result: yes
configure:4054: checking for unistd.h
configure:4059: result: yes
configure:4063: checking errno.h usability
configure:4076: gcc -c -g -O2  conftest.c >&5
configure:4079: $? = 0
configure:4082: test -s conftest.o
configure:4085: $? = 0
configure:4095: result: yes
configure:4099: checking errno.h presence
configure:4110: gcc -E  conftest.c
configure:4116: $? = 0
configure:4135: result: yes
configure:4171: checking for errno.h
configure:4178: result: yes
configure:4063: checking fcntl.h usability
configure:4076: gcc -c -g -O2  conftest.c >&5
configure:4079: $? = 0
configure:4082: test -s conftest.o
configure:4085: $? = 0
configure:4095: result: yes
configure:4099: checking fcntl.h presence
configure:4110: gcc -E  conftest.c
configure:4116: $? = 0
configure:4135: result: yes
configure:4171: checking for fcntl.h
configure:4178: result: yes
configure:4063: checking libintl.h usability
configure:4076: gcc -c -g -O2  conftest.c >&5
configure:4125:10: fatal error: libintl.h: No such file or directory
 4125 | fi
      |          ^          
compilation terminated.
configure:4079: $? = 1
configure: failed program was:
| #line 4065 "configure"
| /* confdefs.h.  */
| 
| #define PACKAGE_NAME ""
| #define PACKAGE_TARNAME ""
| #define PACKAGE_VERSION ""
| #define PACKAGE_STRING ""
| #define PACKAGE_BUGREPORT ""
| #define PACKAGE "gnuchess"
| #define VERSION "5.07"
| #define STDC_HEADERS 1
| #define HAVE_SYS_TYPES_H 1
| #define HAVE_SYS_STAT_H 1
| #define HAVE_STDLIB_H 1
| #define HAVE_STRING_H 1
| #define HAVE_MEMORY_H 1
| #define HAVE_STRINGS_H 1
| #define HAVE_INTTYPES_H 1
| #define HAVE_STDINT_H 1
| #define HAVE_UNISTD_H 1
| #define STDC_HEADERS 1
| #define HAVE_TIME_H 1
| #define HAVE_SYS_TIME_H 1
| #define HAVE_UNISTD_H 1
| #define HAVE_ERRNO_H 1
| #define HAVE_FCNTL_H 1
| /* end confdefs.h.  */
| #include <stdio.h>
| #if HAVE_SYS_TYPES_H
| # include <sys/types.h>
| #endif
| #if HAVE_SYS_STAT_H
| # include <sys/stat.h>
| #endif
| #if STDC_HEADERS
| # include <stdlib.h>
| # include <stddef.h>
| #else
| # if HAVE_STDLIB_H
| #  include <stdlib.h>
| # endif
| #endif
| #if HAVE_STRING_H
| # if !STDC_HEADERS && HAVE_MEMORY_H
| #  include <memory.h>
| # endif
| # include <string.h>
| #endif
| #if HAVE_STRINGS_H
| # include <strings.h>
| #endif
| #if HAVE_INTTYPES_H
| # include <inttypes.h>
| #else
| # if HAVE_STDINT_H
| #  include <stdint.h>
| # endif
| #endif
| #if HAVE_UNISTD_H
| # include <unistd.h>
| #endif
| #include <libintl.h>
configure:4095: result: no
configure:4099: checking libintl.h presence
configure:4110: gcc -E  conftest.c
configure:4127:10: fatal error: libintl.h: No such file or directory
 4127 |   ac_header_preproc=yes
      |          ^~~~~~~~~~~
compilation terminated.
configure:4116: $? = 1
configure: failed program was:
| #line 4101 "configure"
| /* confdefs.h.  */
| 
| #define PACKAGE_NAME ""
| #define PACKAGE_TARNAME ""
| #define PACKAGE_VERSION ""
| #define PACKAGE_STRING ""
| #define PACKAGE_BUGREPORT ""
| #define PACKAGE "gnuchess"
| #define VERSION "5.07"
| #define STDC_HEADERS 1
| #define HAVE_SYS_TYPES_H 1
| #define HAVE_SYS_STAT_H 1
| #define HAVE_STDLIB_H 1
| #define HAVE_STRING_H 1
| #define HAVE_MEMORY_H 1
| #define HAVE_STRINGS_H 1
| #define HAVE_INTTYPES_H 1
| #define HAVE_STDINT_H 1
| #define HAVE_UNISTD_H 1
| #define STDC_HEADERS 1
| #define HAVE_TIME_H 1
| #define HAVE_SYS_TIME_H 1
| #define HAVE_UNISTD_H 1
| #define HAVE_ERRNO_H 1
| #define HAVE_FCNTL_H 1
| /* end confdefs.h.  */
| #include <libintl.h>
configure:4135: result: no
configure:4171: checking for libintl.h
configure:4178: result: no
configure:4192: checking for an ANSI C-conforming const
configure:4260: gcc -c -g -O2  conftest.c >&5
configure:4263: $? = 0
configure:4266: test -s conftest.o
configure:4269: $? = 0
configure:4280: result: yes
configure:4290: checking for working volatile
configure:4314: gcc -c -g -O2  conftest.c >&5
configure:4317: $? = 0
configure:4320: test -s conftest.o
configure:4323: $? = 0
configure:4334: result: yes
configure:4349: checking for stdlib.h
configure:4354: result: yes
configure:4486: checking for GNU libc compatible realloc
configure:4516: gcc -o conftest.exe -g -O2   conftest.c  >&5
configure:4519: $? = 0
configure:4521: ./conftest.exe
configure:4524: $? = 0
configure:4538: result: yes
configure:4561: checking for stdbool.h that conforms to C99
configure:4615: gcc -c -g -O2  conftest.c >&5
configure:4620:9: warning: variably modified 'd' at file scope
 4620 |          { ac_try='test -s conftest.$ac_objext'
      |         ^~~~
configure:4622:9: warning: variably modified 'f' at file scope
 4622 |   (eval $ac_try) 2>&5
      |         ^~~~
configure:4618: $? = 0
configure:4621: test -s conftest.o
configure:4624: $? = 0
configure:4635: result: yes
configure:4637: checking for _Bool
configure:4662: gcc -c -g -O2  conftest.c >&5
configure:4665: $? = 0
configure:4668: test -s conftest.o
configure:4671: $? = 0
configure:4682: result: yes
configure:4701: checking for inline
configure:4723: gcc -c -g -O2  conftest.c >&5
configure:4726: $? = 0
configure:4729: test -s conftest.o
configure:4732: $? = 0
configure:4744: result: inline
configure:4759: checking for size_t
configure:4784: gcc -c -g -O2  conftest.c >&5
configure:4787: $? = 0
configure:4790: test -s conftest.o
configure:4793: $? = 0
configure:4804: result: yes
configure:4816: checking whether time.h and sys/time.h may both be included
configure:4842: gcc -c -g -O2  conftest.c >&5
configure:4845: $? = 0
configure:4848: test -s conftest.o
configure:4851: $? = 0
configure:4862: result: yes
configure:4873: checking for stdint types
configure:4902: gcc -c   conftest.c >&5
configure:4905: $? = 0
configure:4908: test -s conftest.o
configure:4911: $? = 0
configure:4940: result: stdint.h (shortcircuit)
configure:5858: result: make use of stdint.h in src/GCint.h (assuming C99 compatible system)
configure:5866: checking return type of signal handlers
configure:5898: gcc -c -g -O2  conftest.c >&5
configure:5901: $? = 0
configure:5904: test -s conftest.o
configure:5907: $? = 0
configure:5918: result: void
configure:5931: checking for stdlib.h
configure:5936: result: yes
configure:6068: checking for GNU libc compatible malloc
configure:6098: gcc -o conftest.exe -g -O2   conftest.c  >&5
configure:6101: $? = 0
configure:6103: ./conftest.exe
configure:6106: $? = 0
configure:6120: result: yes
configure:6143: checking for working memcmp
configure:6192: gcc -o conftest.exe -g -O2   conftest.c  >&5
configure: In function 'main':
configure:6192:7: warning: implicit declaration of function 'memcmp' [-Wimplicit-function-declaration]
 6192 | if { (eval echo "$as_me:$LINENO: \"$ac_link\"") >&5
      |       ^~~~~~
configure:6192:24: warning: 'memcmp' argument 3 type is 'int' where 'long unsigned int' is expected in a call to built-in function declared without prototype [-Wbuiltin-declaration-mismatch]
 6192 | if { (eval echo "$as_me:$LINENO: \"$ac_link\"") >&5
      |                        ^
<built-in>: note: built-in 'memcmp' declared here
configure:6192:52: warning: 'memcmp' argument 3 type is 'int' where 'long unsigned int' is expected in a call to built-in function declared without prototype [-Wbuiltin-declaration-mismatch]
 6192 | if { (eval echo "$as_me:$LINENO: \"$ac_link\"") >&5
      |                                                    ^
<built-in>: note: built-in 'memcmp' declared here
configure:6193:5: warning: implicit declaration of function 'exit' [-Wimplicit-function-declaration]
 6193 |   (eval $ac_link) 2>&5
      |     ^~~~
configure:6193:5: warning: incompatible implicit declaration of built-in function 'exit'
configure:6151:1: note: include '<stdlib.h>' or provide a declaration of 'exit'
 6150 | else
  +++ |+#include <stdlib.h>
 6151 |   cat >conftest.$ac_ext <<_ACEOF
configure:6206:9: warning: implicit declaration of function 'strcpy' [-Wimplicit-function-declaration]
 6206 | sed 's/^/| /' conftest.$ac_ext >&5
      |         ^~~~~~
configure:6206:9: warning: incompatible implicit declaration of built-in function 'strcpy'
configure:6151:1: note: include '<string.h>' or provide a declaration of 'strcpy'
 6150 | else
  +++ |+#include <string.h>
 6151 |   cat >conftest.$ac_ext <<_ACEOF
configure:6208:27: warning: 'memcmp' argument 3 type is 'int' where 'long unsigned int' is expected in a call to built-in function declared without prototype [-Wbuiltin-declaration-mismatch]
 6208 | ( exit $ac_status )
      |                           ^ 
<built-in>: note: built-in 'memcmp' declared here
configure:6209:11: warning: incompatible implicit declaration of built-in function 'exit'
 6209 | ac_cv_func_memcmp_working=no
      |           ^~~~
configure:6209:11: note: include '<stdlib.h>' or provide a declaration of 'exit'
configure:6211:5: warning: incompatible implicit declaration of built-in function 'exit'
 6211 | rm -f core core.* *.core gmon.out bb.out conftest$ac_exeext conftest.$ac_objext conftest.$ac_ext
      |     ^~~~
configure:6211:5: note: include '<stdlib.h>' or provide a declaration of 'exit'
configure:6195: $? = 0
configure:6197: ./conftest.exe
configure:6200: $? = 0
configure:6214: result: yes
configure:6230: checking for gettimeofday
configure:6280: gcc -o conftest.exe -g -O2   conftest.c  >&5
configure:6283: $? = 0
configure:6286: test -s conftest.exe
configure:6289: $? = 0
configure:6300: result: yes
configure:6230: checking for strchr
configure:6280: gcc -o conftest.exe -g -O2   conftest.c  >&5
configure:6286:6: warning: conflicting types for built-in function 'strchr'; expected 'char *(const char *, int)' [-Wbuiltin-declaration-mismatch]
 6286 |   { (eval echo "$as_me:$LINENO: \"$ac_try\"") >&5
      |      ^~~~~~
configure:6276:1: note: 'strchr' is declared in header '<string.h>'
 6275 |   ;
  +++ |+#include <string.h>
 6276 |   return 0;
configure:6283: $? = 0
configure:6286: test -s conftest.exe
configure:6289: $? = 0
configure:6300: result: yes
configure:6230: checking for strcspn
configure:6280: gcc -o conftest.exe -g -O2   conftest.c  >&5
configure:6287:6: warning: conflicting types for built-in function 'strcspn'; expected 'long unsigned int(const char *, const char *)' [-Wbuiltin-declaration-mismatch]
 6287 |   (eval $ac_try) 2>&5
      |      ^~~~~~~
configure:6277:1: note: 'strcspn' is declared in header '<string.h>'
 6276 |   return 0;
  +++ |+#include <string.h>
 6277 | }
configure:6283: $? = 0
configure:6286: test -s conftest.exe
configure:6289: $? = 0
configure:6300: result: yes
configure:6230: checking for strstr
configure:6280: gcc -o conftest.exe -g -O2   conftest.c  >&5
configure:6288:6: warning: conflicting types for built-in function 'strstr'; expected 'char *(const char *, const char *)' [-Wbuiltin-declaration-mismatch]
 6288 |   ac_status=$?
      |      ^~~~~~
configure:6278:1: note: 'strstr' is declared in header '<string.h>'
 6277 | }
  +++ |+#include <string.h>
 6278 | _ACEOF
configure:6283: $? = 0
configure:6286: test -s conftest.exe
configure:6289: $? = 0
configure:6300: result: yes
configure:6230: checking for strerror
configure:6280: gcc -o conftest.exe -g -O2   conftest.c  >&5
configure:6283: $? = 0
configure:6286: test -s conftest.exe
configure:6289: $? = 0
configure:6300: result: yes
configure:6230: checking for memset
configure:6280: gcc -o conftest.exe -g -O2   conftest.c  >&5
configure:6290:6: warning: conflicting types for built-in function 'memset'; expected 'void *(void *, int,  long unsigned int)' [-Wbuiltin-declaration-mismatch]
 6290 |   (exit $ac_status); }; }; then
      |      ^~~~~~
configure:6280:1: note: 'memset' is declared in header '<string.h>'
 6279 | rm -f conftest.$ac_objext conftest$ac_exeext
  +++ |+#include <string.h>
 6280 | if { (eval echo "$as_me:$LINENO: \"$ac_link\"") >&5
configure:6283: $? = 0
configure:6286: test -s conftest.exe
configure:6289: $? = 0
configure:6300: result: yes
configure:6230: checking for strdup
configure:6280: gcc -o conftest.exe -g -O2   conftest.c  >&5
configure:6291:6: warning: conflicting types for built-in function 'strdup'; expected 'char *(const char *)' [-Wbuiltin-declaration-mismatch]
 6291 |   eval "$as_ac_var=yes"
      |      ^~~~~~
configure:6283: $? = 0
configure:6286: test -s conftest.exe
configure:6289: $? = 0
configure:6300: result: yes
configure:6230: checking for strtol
configure:6280: gcc -o conftest.exe -g -O2   conftest.c  >&5
configure:6283: $? = 0
configure:6286: test -s conftest.exe
configure:6289: $? = 0
configure:6300: result: yes
configure:6317: checking build system type
configure:6335: result: x86_64-unknown-cygwin
configure:6343: checking host system type
configure:6357: result: x86_64-unknown-cygwin
configure:6503: checking for the pthreads library -lpthreads
configure:6542: gcc -o conftest.exe -g -O2    conftest.c -lpthreads  >&5
/usr/lib/gcc/x86_64-pc-cygwin/9.2.0/../../../../x86_64-pc-cygwin/bin/ld: cannot find -lpthreads
collect2: error: ld returned 1 exit status
configure:6545: $? = 1
configure: failed program was:
| #line 6523 "configure"
| /* confdefs.h.  */
| 
| #define PACKAGE_NAME ""
| #define PACKAGE_TARNAME ""
| #define PACKAGE_VERSION ""
| #define PACKAGE_STRING ""
| #define PACKAGE_BUGREPORT ""
| #define PACKAGE "gnuchess"
| #define VERSION "5.07"
| #define STDC_HEADERS 1
| #define HAVE_SYS_TYPES_H 1
| #define HAVE_SYS_STAT_H 1
| #define HAVE_STDLIB_H 1
| #define HAVE_STRING_H 1
| #define HAVE_MEMORY_H 1
| #define HAVE_STRINGS_H 1
| #define HAVE_INTTYPES_H 1
| #define HAVE_STDINT_H 1
| #define HAVE_UNISTD_H 1
| #define STDC_HEADERS 1
| #define HAVE_TIME_H 1
| #define HAVE_SYS_TIME_H 1
| #define HAVE_UNISTD_H 1
| #define HAVE_ERRNO_H 1
| #define HAVE_FCNTL_H 1
| #define HAVE_STDLIB_H 1
| #define HAVE_REALLOC 1
| #define HAVE__BOOL 1
| #define HAVE_STDBOOL_H 1
| #define TIME_WITH_SYS_TIME 1
| #define RETSIGTYPE void
| #define HAVE_STDLIB_H 1
| #define HAVE_MALLOC 1
| #define HAVE_GETTIMEOFDAY 1
| #define HAVE_STRCHR 1
| #define HAVE_STRCSPN 1
| #define HAVE_STRSTR 1
| #define HAVE_STRERROR 1
| #define HAVE_MEMSET 1
| #define HAVE_STRDUP 1
| #define HAVE_STRTOL 1
| /* end confdefs.h.  */
| #include <pthread.h>
| int
| main ()
| {
| pthread_t th; pthread_join(th, 0);
|                      pthread_attr_init(0); pthread_cleanup_push(0, 0);
|                      pthread_create(0,0,0,0); pthread_cleanup_pop(0);
|   ;
|   return 0;
| }
configure:6564: result: no
configure:6492: checking whether pthreads work without any flags
configure:6542: gcc -o conftest.exe -g -O2    conftest.c   >&5
configure:6545: $? = 0
configure:6548: test -s conftest.exe
configure:6551: $? = 0
configure:6564: result: yes
configure:6584: checking for joinable pthread attribute
configure:6603: gcc -o conftest.exe -g -O2    conftest.c   >&5
configure:6606: $? = 0
configure:6609: test -s conftest.exe
configure:6612: $? = 0
configure:6667: result: PTHREAD_CREATE_JOINABLE
configure:6674: checking if more special flags are required for pthreads
configure:6681: result: no
configure:6693: checking for cc_r
configure:6720: result: gcc
configure:6865: creating ./config.status

## ---------------------- ##
## Running config.status. ##
## ---------------------- ##

This file was extended by config.status, which was
generated by GNU Autoconf 2.57.  Invocation command line was

  CONFIG_FILES    = 
  CONFIG_HEADERS  = 
  CONFIG_LINKS    = 
  CONFIG_COMMANDS = 
  $ ./config.status 

on cornb5832

config.status:687: creating Makefile
config.status:687: creating src/Makefile
config.status:791: creating src/config.h
config.status:1082: executing depfiles commands
config.status:1082: executing src/GCint.h commands
config.status:1177: creating src/GCint.h : _GNUCHESS_SRC_GCINT_H

## ---------------- ##
## Cache variables. ##
## ---------------- ##

ac_cv_build=x86_64-unknown-cygwin
ac_cv_build_alias=x86_64-unknown-cygwin
ac_cv_c_compiler_gnu=yes
ac_cv_c_const=yes
ac_cv_c_inline=inline
ac_cv_c_volatile=yes
ac_cv_env_CC_set=
ac_cv_env_CC_value=
ac_cv_env_CFLAGS_set=
ac_cv_env_CFLAGS_value=
ac_cv_env_CPPFLAGS_set=
ac_cv_env_CPPFLAGS_value=
ac_cv_env_CPP_set=
ac_cv_env_CPP_value=
ac_cv_env_LDFLAGS_set=
ac_cv_env_LDFLAGS_value=
ac_cv_env_build_alias_set=
ac_cv_env_build_alias_value=
ac_cv_env_host_alias_set=
ac_cv_env_host_alias_value=
ac_cv_env_target_alias_set=
ac_cv_env_target_alias_value=
ac_cv_exeext=.exe
ac_cv_func_gettimeofday=yes
ac_cv_func_malloc_0_nonnull=yes
ac_cv_func_memcmp_working=yes
ac_cv_func_memset=yes
ac_cv_func_realloc_0_nonnull=yes
ac_cv_func_strchr=yes
ac_cv_func_strcspn=yes
ac_cv_func_strdup=yes
ac_cv_func_strerror=yes
ac_cv_func_strstr=yes
ac_cv_func_strtol=yes
ac_cv_header_errno_h=yes
ac_cv_header_fcntl_h=yes
ac_cv_header_inttypes_h=yes
ac_cv_header_libintl_h=no
ac_cv_header_memory_h=yes
ac_cv_header_readline_history_h=no
ac_cv_header_readline_readline_h=no
ac_cv_header_stdbool_h=yes
ac_cv_header_stdc=yes
ac_cv_header_stdint=stdint.h
ac_cv_header_stdint_h=yes
ac_cv_header_stdint_t=stdint.h
ac_cv_header_stdlib_h=yes
ac_cv_header_string_h=yes
ac_cv_header_strings_h=yes
ac_cv_header_sys_stat_h=yes
ac_cv_header_sys_time_h=yes
ac_cv_header_sys_types_h=yes
ac_cv_header_time=yes
ac_cv_header_time_h=yes
ac_cv_header_unistd_h=yes
ac_cv_host=x86_64-unknown-cygwin
ac_cv_host_alias=x86_64-unknown-cygwin
ac_cv_lib_fl_yywrap=no
ac_cv_lib_l_yywrap=no
ac_cv_lib_ncurses_tputs=no
ac_cv_lib_readline_readline=no
ac_cv_objext=o
ac_cv_path_install='/usr/bin/install -c'
ac_cv_prog_AWK=gawk
ac_cv_prog_CPP='gcc -E'
ac_cv_prog_PTHREAD_CC=gcc
ac_cv_prog_ac_ct_CC=gcc
ac_cv_prog_cc_g=yes
ac_cv_prog_cc_stdc=
ac_cv_prog_egrep='grep -E'
ac_cv_prog_make_make_set=yes
ac_cv_stdint_message='using gnu compiler gcc (GCC) 9.2.0'
ac_cv_stdint_result='(assuming C99 compatible system)'
ac_cv_struct_tm=time.h
ac_cv_type__Bool=yes
ac_cv_type_signal=void
ac_cv_type_size_t=yes
ac_cv_use_readline=yes
am_cv_CC_dependencies_compiler_type=gcc3

## ----------------- ##
## Output variables. ##
## ----------------- ##

ACLOCAL='${SHELL} /cygdrive/C/Users/BuratoE/GRAMMATECH/CS/tests/Demos/gnuchess/gnuchess-5.07/missing --run aclocal-1.7'
AMDEPBACKSLASH='\'
AMDEP_FALSE='#'
AMDEP_TRUE=''
AMTAR='${SHELL} /cygdrive/C/Users/BuratoE/GRAMMATECH/CS/tests/Demos/gnuchess/gnuchess-5.07/missing --run tar'
AUTOCONF='${SHELL} /cygdrive/C/Users/BuratoE/GRAMMATECH/CS/tests/Demos/gnuchess/gnuchess-5.07/missing --run autoconf'
AUTOHEADER='${SHELL} /cygdrive/C/Users/BuratoE/GRAMMATECH/CS/tests/Demos/gnuchess/gnuchess-5.07/missing --run autoheader'
AUTOMAKE='${SHELL} /cygdrive/C/Users/BuratoE/GRAMMATECH/CS/tests/Demos/gnuchess/gnuchess-5.07/missing --run automake-1.7'
AWK='gawk'
CC='gcc'
CCDEPMODE='depmode=gcc3'
CFLAGS='-g -O2'
CPP='gcc -E'
CPPFLAGS=''
CYGPATH_W='cygpath -w'
DEFS='-DHAVE_CONFIG_H'
DEPDIR='.deps'
ECHO_C=''
ECHO_N='-n'
ECHO_T=''
EGREP='grep -E'
EXEEXT='.exe'
INSTALL_DATA='${INSTALL} -m 644'
INSTALL_PROGRAM='${INSTALL}'
INSTALL_SCRIPT='${INSTALL}'
INSTALL_STRIP_PROGRAM='${SHELL} $(install_sh) -c -s'
LDFLAGS=''
LEX='${SHELL} /cygdrive/C/Users/BuratoE/GRAMMATECH/CS/tests/Demos/gnuchess/gnuchess-5.07/missing --run flex'
LEXLIB=''
LEX_OUTPUT_ROOT=''
LIBOBJS=''
LIBS=''
LN_S='ln -s'
LTLIBOBJS=''
MAKEINFO='${SHELL} /cygdrive/C/Users/BuratoE/GRAMMATECH/CS/tests/Demos/gnuchess/gnuchess-5.07/missing --run makeinfo'
OBJEXT='o'
PACKAGE='gnuchess'
PACKAGE_BUGREPORT=''
PACKAGE_NAME=''
PACKAGE_STRING=''
PACKAGE_TARNAME=''
PACKAGE_VERSION=''
PATH_SEPARATOR=':'
PTHREAD_CC='gcc'
PTHREAD_CFLAGS=''
PTHREAD_LIBS=''
SET_MAKE=''
SHELL='/bin/sh'
STRIP=''
VERSION='5.07'
ac_ct_CC='gcc'
ac_ct_STRIP=''
am__fastdepCC_FALSE='#'
am__fastdepCC_TRUE=''
am__include='include'
am__leading_dot='.'
am__quote=''
bindir='${exec_prefix}/bin'
build='x86_64-unknown-cygwin'
build_alias=''
build_cpu='x86_64'
build_os='cygwin'
build_vendor='unknown'
datadir='${prefix}/share'
exec_prefix='${prefix}'
host='x86_64-unknown-cygwin'
host_alias=''
host_cpu='x86_64'
host_os='cygwin'
host_vendor='unknown'
includedir='${prefix}/include'
infodir='${prefix}/info'
install_sh='/cygdrive/C/Users/BuratoE/GRAMMATECH/CS/tests/Demos/gnuchess/gnuchess-5.07/install-sh'
libdir='${exec_prefix}/lib'
libexecdir='${exec_prefix}/libexec'
localstatedir='${prefix}/var'
mandir='${prefix}/man'
oldincludedir='/usr/include'
prefix='/usr/local'
program_transform_name='s,x,x,'
sbindir='${exec_prefix}/sbin'
sharedstatedir='${prefix}/com'
sysconfdir='${prefix}/etc'
target_alias=''

## ----------- ##
## confdefs.h. ##
## ----------- ##

#define HAVE_ERRNO_H 1
#define HAVE_FCNTL_H 1
#define HAVE_GETTIMEOFDAY 1
#define HAVE_INTTYPES_H 1
#define HAVE_MALLOC 1
#define HAVE_MEMORY_H 1
#define HAVE_MEMSET 1
#define HAVE_PTHREAD 1
#define HAVE_REALLOC 1
#define HAVE_STDBOOL_H 1
#define HAVE_STDINT_H 1
#define HAVE_STDLIB_H 1
#define HAVE_STDLIB_H 1
#define HAVE_STDLIB_H 1
#define HAVE_STRCHR 1
#define HAVE_STRCSPN 1
#define HAVE_STRDUP 1
#define HAVE_STRERROR 1
#define HAVE_STRINGS_H 1
#define HAVE_STRING_H 1
#define HAVE_STRSTR 1
#define HAVE_STRTOL 1
#define HAVE_SYS_STAT_H 1
#define HAVE_SYS_TIME_H 1
#define HAVE_SYS_TYPES_H 1
#define HAVE_TIME_H 1
#define HAVE_UNISTD_H 1
#define HAVE_UNISTD_H 1
#define HAVE__BOOL 1
#define PACKAGE "gnuchess"
#define PACKAGE_BUGREPORT ""
#define PACKAGE_NAME ""
#define PACKAGE_STRING ""
#define PACKAGE_TARNAME ""
#define PACKAGE_VERSION ""
#define RETSIGTYPE void
#define STDC_HEADERS 1
#define STDC_HEADERS 1
#define TIME_WITH_SYS_TIME 1
#define VERSION "5.07"

configure: exit 0
